2022-10-02 12:21:01,650:INFO:PyCaret Supervised Module
2022-10-02 12:21:01,652:INFO:ML Usecase: classification
2022-10-02 12:21:01,659:INFO:version 2.3.10
2022-10-02 12:21:01,661:INFO:Initializing setup()
2022-10-02 12:21:01,664:INFO:setup(target=Potability, ml_usecase=classification, available_plots={'parameter': 'Hyperparameters', 'auc': 'AUC', 'confusion_matrix': 'Confusion Matrix', 'threshold': 'Threshold', 'pr': 'Precision Recall', 'error': 'Prediction Error', 'class_report': 'Class Report', 'rfe': 'Feature Selection', 'learning': 'Learning Curve', 'manifold': 'Manifold Learning', 'calibration': 'Calibration Curve', 'vc': 'Validation Curve', 'dimension': 'Dimensions', 'feature': 'Feature Importance', 'feature_all': 'Feature Importance (All)', 'boundary': 'Decision Boundary', 'lift': 'Lift Chart', 'gain': 'Gain Chart', 'tree': 'Decision Tree', 'ks': 'KS Statistic Plot'}, train_size=0.7, test_data=None, preprocess=True, imputation_type=simple, iterative_imputation_iters=5, categorical_features=None, categorical_imputation=constant, categorical_iterative_imputer=lightgbm, ordinal_features=None, high_cardinality_features=None, high_cardinality_method=frequency, numeric_features=None, numeric_imputation=mean, numeric_iterative_imputer=lightgbm, date_features=None, ignore_features=None, normalize=False, normalize_method=zscore, transformation=False, transformation_method=yeo-johnson, handle_unknown_categorical=True, unknown_categorical_method=least_frequent, pca=False, pca_method=linear, pca_components=None, ignore_low_variance=False, combine_rare_levels=False, rare_level_threshold=0.1, bin_numeric_features=None, remove_outliers=False, outliers_threshold=0.05, remove_multicollinearity=False, multicollinearity_threshold=0.9, remove_perfect_collinearity=True, create_clusters=False, cluster_iter=20, polynomial_features=False, polynomial_degree=2, trigonometry_features=False, polynomial_threshold=0.1, group_features=None, group_names=None, feature_selection=False, feature_selection_threshold=0.8, feature_selection_method=classic, feature_interaction=False, feature_ratio=False, interaction_threshold=0.01, fix_imbalance=False, fix_imbalance_method=None, transform_target=False, transform_target_method=box-cox, data_split_shuffle=True, data_split_stratify=False, fold_strategy=stratifiedkfold, fold=10, fold_shuffle=False, fold_groups=None, n_jobs=-1, use_gpu=False, custom_pipeline=None, html=True, session_id=786, log_experiment=False, experiment_name=None, experiment_custom_tags=None, log_plots=False, log_profile=False, log_data=False, silent=True, verbose=True, profile=False, profile_kwargs=None, display=None)
2022-10-02 12:21:01,667:INFO:Checking environment
2022-10-02 12:21:01,671:INFO:python_version: 3.7.14
2022-10-02 12:21:01,674:INFO:python_build: ('default', 'Sep  8 2022 00:06:44')
2022-10-02 12:21:01,676:INFO:machine: x86_64
2022-10-02 12:21:01,679:INFO:platform: Linux-5.10.133+-x86_64-with-Ubuntu-18.04-bionic
2022-10-02 12:21:01,683:INFO:Memory: svmem(total=13616361472, available=11409674240, percent=16.2, used=2053042176, free=7842807808, active=683638784, inactive=4723650560, buffers=113229824, cached=3607281664, shared=1294336, slab=259801088)
2022-10-02 12:21:01,686:INFO:Physical Core: 1
2022-10-02 12:21:01,687:INFO:Logical Core: 2
2022-10-02 12:21:01,689:INFO:Checking libraries
2022-10-02 12:21:01,690:INFO:pd==1.3.5
2022-10-02 12:21:01,692:INFO:numpy==1.21.6
2022-10-02 12:21:01,694:INFO:sklearn==0.23.2
2022-10-02 12:21:01,696:INFO:lightgbm==3.3.2
2022-10-02 12:21:01,698:WARNING:catboost not found
2022-10-02 12:21:01,774:INFO:xgboost==0.90
2022-10-02 12:21:01,777:INFO:mlflow==1.29.0
2022-10-02 12:21:01,779:INFO:Checking Exceptions
2022-10-02 12:21:01,781:INFO:Declaring global variables
2022-10-02 12:21:01,782:INFO:USI: 841f
2022-10-02 12:21:01,784:INFO:pycaret_globals: {'X', 'target_param', '_ml_usecase', 'dashboard_logger', 'y_train', 'y', 'fold_groups_param_full', 'fold_generator', 'pycaret_globals', 'create_model_container', 'n_jobs_param', 'experiment__', '_gpu_n_jobs_param', 'stratify_param', 'fold_shuffle_param', 'imputation_classifier', '_all_models', 'html_param', 'logging_param', 'log_plots_param', 'gpu_param', 'exp_name_log', 'USI', 'y_test', 'X_test', 'display_container', 'imputation_regressor', 'fold_param', '_internal_pipeline', 'X_train', 'transform_target_method_param', 'iterative_imputation_iters_param', '_all_metrics', '_all_models_internal', 'fix_imbalance_param', '_available_plots', 'master_model_container', 'fix_imbalance_method_param', 'prep_pipe', 'transform_target_param', 'seed', 'fold_groups_param', 'data_before_preprocess'}
2022-10-02 12:21:01,786:INFO:Preparing display monitor
2022-10-02 12:21:01,788:INFO:Preparing display monitor
2022-10-02 12:21:01,831:INFO:Importing libraries
2022-10-02 12:21:01,834:INFO:Copying data for preprocessing
2022-10-02 12:21:01,851:INFO:Declaring preprocessing parameters
2022-10-02 12:21:01,855:INFO:Creating preprocessing pipeline
2022-10-02 12:21:01,874:INFO:Preprocessing pipeline created successfully
2022-10-02 12:21:01,878:ERROR:(Process Exit): setup has been interupted with user command 'quit'. setup must rerun.
2022-10-02 12:21:01,882:INFO:Creating global containers
2022-10-02 12:21:01,886:INFO:Internal pipeline: Pipeline(memory=None, steps=[('empty_step', 'passthrough')], verbose=False)
2022-10-02 12:21:02,134:WARNING:Wrong xgboost version. Expected xgboost>=1.1.0, got xgboost==0.90
2022-10-02 12:21:02,138:WARNING:Couldn't import catboost.CatBoostClassifier
2022-10-02 12:21:02,234:WARNING:Wrong xgboost version. Expected xgboost>=1.1.0, got xgboost==0.90
2022-10-02 12:21:02,242:WARNING:Couldn't import catboost.CatBoostClassifier
2022-10-02 12:21:02,247:INFO:Creating grid variables
2022-10-02 12:21:02,273:INFO:create_model_container: 0
2022-10-02 12:21:02,276:INFO:master_model_container: 0
2022-10-02 12:21:02,279:INFO:display_container: 1
2022-10-02 12:21:02,291:INFO:Pipeline(memory=None,
         steps=[('dtypes',
                 DataTypes_Auto_infer(categorical_features=[],
                                      display_types=False, features_todrop=[],
                                      id_columns=[],
                                      ml_usecase='classification',
                                      numerical_features=[],
                                      target='Potability', time_features=[])),
                ('imputer',
                 Simple_Imputer(categorical_strategy='not_available',
                                fill_value_categorical=None,
                                fill_value_numerical=None,
                                numeric_...
                ('scaling', 'passthrough'), ('P_transform', 'passthrough'),
                ('binn', 'passthrough'), ('rem_outliers', 'passthrough'),
                ('cluster_all', 'passthrough'),
                ('dummy', Dummify(target='Potability')),
                ('fix_perfect', Remove_100(target='Potability')),
                ('clean_names', Clean_Colum_Names()),
                ('feature_select', 'passthrough'), ('fix_multi', 'passthrough'),
                ('dfs', 'passthrough'), ('pca', 'passthrough')],
         verbose=False)
2022-10-02 12:21:02,294:INFO:setup() succesfully completed......................................
2022-10-02 12:21:02,452:INFO:Initializing compare_models()
2022-10-02 12:21:02,455:INFO:compare_models(include=None, fold=None, round=4, cross_validation=True, sort=Accuracy, n_select=1, budget_time=None, turbo=True, errors=ignore, fit_kwargs=None, groups=None, experiment_custom_tags=None, probability_threshold=None, verbose=True, display=None, exclude=None)
2022-10-02 12:21:02,456:INFO:Checking exceptions
2022-10-02 12:21:02,464:INFO:Preparing display monitor
2022-10-02 12:21:02,468:INFO:Preparing display monitor
2022-10-02 12:21:02,542:INFO:Initializing Logistic Regression
2022-10-02 12:21:02,547:INFO:Total runtime is 7.702112197875977e-05 minutes
2022-10-02 12:21:02,571:INFO:SubProcess create_model() called ==================================
2022-10-02 12:21:02,574:INFO:Initializing create_model()
2022-10-02 12:21:02,578:INFO:create_model(estimator=lr, fold=StratifiedKFold(n_splits=10, random_state=None, shuffle=False), round=4, cross_validation=True, predict=True, fit_kwargs={}, groups=None, refit=False, verbose=False, system=False, metrics=None, experiment_custom_tags=None, add_to_model_list=True, probability_threshold=None, display=<pycaret.internal.Display.Display object at 0x7fdce6408b50>, return_train_score=False, kwargs={})
2022-10-02 12:21:02,580:INFO:Checking exceptions
2022-10-02 12:21:02,582:INFO:Importing libraries
2022-10-02 12:21:02,583:INFO:Copying training dataset
2022-10-02 12:21:02,586:INFO:Defining folds
2022-10-02 12:21:02,587:INFO:Declaring metric variables
2022-10-02 12:21:02,614:INFO:Importing untrained model
2022-10-02 12:21:02,644:INFO:Logistic Regression Imported succesfully
2022-10-02 12:21:02,686:INFO:Starting cross validation
2022-10-02 12:21:02,690:INFO:Cross validating with StratifiedKFold(n_splits=10, random_state=None, shuffle=False), n_jobs=-1
2022-10-02 12:21:06,283:INFO:Calculating mean and std
2022-10-02 12:21:06,289:INFO:Creating metrics dataframe
2022-10-02 12:21:06,307:INFO:Uploading results into container
2022-10-02 12:21:06,316:INFO:Uploading model into container now
2022-10-02 12:21:06,317:INFO:create_model_container: 1
2022-10-02 12:21:06,319:INFO:master_model_container: 1
2022-10-02 12:21:06,322:INFO:display_container: 2
2022-10-02 12:21:06,327:INFO:LogisticRegression(C=1.0, class_weight=None, dual=False, fit_intercept=True,
                   intercept_scaling=1, l1_ratio=None, max_iter=1000,
                   multi_class='auto', n_jobs=None, penalty='l2',
                   random_state=786, solver='lbfgs', tol=0.0001, verbose=0,
                   warm_start=False)
2022-10-02 12:21:06,329:INFO:create_model() succesfully completed......................................
2022-10-02 12:21:06,482:INFO:SubProcess create_model() end ==================================
2022-10-02 12:21:06,496:INFO:Creating metrics dataframe
2022-10-02 12:21:06,519:INFO:Initializing K Neighbors Classifier
2022-10-02 12:21:06,526:INFO:Total runtime is 0.0664025068283081 minutes
2022-10-02 12:21:06,549:INFO:SubProcess create_model() called ==================================
2022-10-02 12:21:06,552:INFO:Initializing create_model()
2022-10-02 12:21:06,556:INFO:create_model(estimator=knn, fold=StratifiedKFold(n_splits=10, random_state=None, shuffle=False), round=4, cross_validation=True, predict=True, fit_kwargs={}, groups=None, refit=False, verbose=False, system=False, metrics=None, experiment_custom_tags=None, add_to_model_list=True, probability_threshold=None, display=<pycaret.internal.Display.Display object at 0x7fdce6408b50>, return_train_score=False, kwargs={})
2022-10-02 12:21:06,561:INFO:Checking exceptions
2022-10-02 12:21:06,563:INFO:Importing libraries
2022-10-02 12:21:06,565:INFO:Copying training dataset
2022-10-02 12:21:06,570:INFO:Defining folds
2022-10-02 12:21:06,572:INFO:Declaring metric variables
2022-10-02 12:21:06,598:INFO:Importing untrained model
2022-10-02 12:21:06,624:INFO:K Neighbors Classifier Imported succesfully
2022-10-02 12:21:06,674:INFO:Starting cross validation
2022-10-02 12:21:06,679:INFO:Cross validating with StratifiedKFold(n_splits=10, random_state=None, shuffle=False), n_jobs=-1
2022-10-02 12:21:08,108:INFO:Calculating mean and std
2022-10-02 12:21:08,117:INFO:Creating metrics dataframe
2022-10-02 12:21:08,154:INFO:Uploading results into container
2022-10-02 12:21:08,162:INFO:Uploading model into container now
2022-10-02 12:21:08,168:INFO:create_model_container: 2
2022-10-02 12:21:08,175:INFO:master_model_container: 2
2022-10-02 12:21:08,176:INFO:display_container: 2
2022-10-02 12:21:08,182:INFO:KNeighborsClassifier(algorithm='auto', leaf_size=30, metric='minkowski',
                     metric_params=None, n_jobs=-1, n_neighbors=5, p=2,
                     weights='uniform')
2022-10-02 12:21:08,187:INFO:create_model() succesfully completed......................................
2022-10-02 12:21:08,405:INFO:SubProcess create_model() end ==================================
2022-10-02 12:21:08,411:INFO:Creating metrics dataframe
2022-10-02 12:21:08,437:INFO:Initializing Naive Bayes
2022-10-02 12:21:08,446:INFO:Total runtime is 0.09840081930160521 minutes
2022-10-02 12:21:08,470:INFO:SubProcess create_model() called ==================================
2022-10-02 12:21:08,474:INFO:Initializing create_model()
2022-10-02 12:21:08,476:INFO:create_model(estimator=nb, fold=StratifiedKFold(n_splits=10, random_state=None, shuffle=False), round=4, cross_validation=True, predict=True, fit_kwargs={}, groups=None, refit=False, verbose=False, system=False, metrics=None, experiment_custom_tags=None, add_to_model_list=True, probability_threshold=None, display=<pycaret.internal.Display.Display object at 0x7fdce6408b50>, return_train_score=False, kwargs={})
2022-10-02 12:21:08,477:INFO:Checking exceptions
2022-10-02 12:21:08,479:INFO:Importing libraries
2022-10-02 12:21:08,480:INFO:Copying training dataset
2022-10-02 12:21:08,483:INFO:Defining folds
2022-10-02 12:21:08,485:INFO:Declaring metric variables
2022-10-02 12:21:08,509:INFO:Importing untrained model
2022-10-02 12:21:08,534:INFO:Naive Bayes Imported succesfully
2022-10-02 12:21:08,571:INFO:Starting cross validation
2022-10-02 12:21:08,575:INFO:Cross validating with StratifiedKFold(n_splits=10, random_state=None, shuffle=False), n_jobs=-1
2022-10-02 12:21:08,713:INFO:Calculating mean and std
2022-10-02 12:21:08,718:INFO:Creating metrics dataframe
2022-10-02 12:21:08,737:INFO:Uploading results into container
2022-10-02 12:21:08,743:INFO:Uploading model into container now
2022-10-02 12:21:08,744:INFO:create_model_container: 3
2022-10-02 12:21:08,750:INFO:master_model_container: 3
2022-10-02 12:21:08,754:INFO:display_container: 2
2022-10-02 12:21:08,758:INFO:GaussianNB(priors=None, var_smoothing=1e-09)
2022-10-02 12:21:08,759:INFO:create_model() succesfully completed......................................
2022-10-02 12:21:08,900:INFO:SubProcess create_model() end ==================================
2022-10-02 12:21:08,904:INFO:Creating metrics dataframe
2022-10-02 12:21:08,928:INFO:Initializing Decision Tree Classifier
2022-10-02 12:21:08,931:INFO:Total runtime is 0.10648115078608195 minutes
2022-10-02 12:21:08,958:INFO:SubProcess create_model() called ==================================
2022-10-02 12:21:08,960:INFO:Initializing create_model()
2022-10-02 12:21:08,962:INFO:create_model(estimator=dt, fold=StratifiedKFold(n_splits=10, random_state=None, shuffle=False), round=4, cross_validation=True, predict=True, fit_kwargs={}, groups=None, refit=False, verbose=False, system=False, metrics=None, experiment_custom_tags=None, add_to_model_list=True, probability_threshold=None, display=<pycaret.internal.Display.Display object at 0x7fdce6408b50>, return_train_score=False, kwargs={})
2022-10-02 12:21:08,963:INFO:Checking exceptions
2022-10-02 12:21:08,965:INFO:Importing libraries
2022-10-02 12:21:08,967:INFO:Copying training dataset
2022-10-02 12:21:08,970:INFO:Defining folds
2022-10-02 12:21:08,972:INFO:Declaring metric variables
2022-10-02 12:21:09,008:INFO:Importing untrained model
2022-10-02 12:21:09,030:INFO:Decision Tree Classifier Imported succesfully
2022-10-02 12:21:09,070:INFO:Starting cross validation
2022-10-02 12:21:09,077:INFO:Cross validating with StratifiedKFold(n_splits=10, random_state=None, shuffle=False), n_jobs=-1
2022-10-02 12:21:09,317:INFO:Calculating mean and std
2022-10-02 12:21:09,322:INFO:Creating metrics dataframe
2022-10-02 12:21:09,341:INFO:Uploading results into container
2022-10-02 12:21:09,344:INFO:Uploading model into container now
2022-10-02 12:21:09,346:INFO:create_model_container: 4
2022-10-02 12:21:09,347:INFO:master_model_container: 4
2022-10-02 12:21:09,349:INFO:display_container: 2
2022-10-02 12:21:09,351:INFO:DecisionTreeClassifier(ccp_alpha=0.0, class_weight=None, criterion='gini',
                       max_depth=None, max_features=None, max_leaf_nodes=None,
                       min_impurity_decrease=0.0, min_impurity_split=None,
                       min_samples_leaf=1, min_samples_split=2,
                       min_weight_fraction_leaf=0.0, presort='deprecated',
                       random_state=786, splitter='best')
2022-10-02 12:21:09,353:INFO:create_model() succesfully completed......................................
2022-10-02 12:21:09,496:INFO:SubProcess create_model() end ==================================
2022-10-02 12:21:09,497:INFO:Creating metrics dataframe
2022-10-02 12:21:09,522:INFO:Initializing SVM - Linear Kernel
2022-10-02 12:21:09,525:INFO:Total runtime is 0.11637284755706787 minutes
2022-10-02 12:21:09,550:INFO:SubProcess create_model() called ==================================
2022-10-02 12:21:09,556:INFO:Initializing create_model()
2022-10-02 12:21:09,562:INFO:create_model(estimator=svm, fold=StratifiedKFold(n_splits=10, random_state=None, shuffle=False), round=4, cross_validation=True, predict=True, fit_kwargs={}, groups=None, refit=False, verbose=False, system=False, metrics=None, experiment_custom_tags=None, add_to_model_list=True, probability_threshold=None, display=<pycaret.internal.Display.Display object at 0x7fdce6408b50>, return_train_score=False, kwargs={})
2022-10-02 12:21:09,566:INFO:Checking exceptions
2022-10-02 12:21:09,569:INFO:Importing libraries
2022-10-02 12:21:09,575:INFO:Copying training dataset
2022-10-02 12:21:09,578:INFO:Defining folds
2022-10-02 12:21:09,580:INFO:Declaring metric variables
2022-10-02 12:21:09,601:INFO:Importing untrained model
2022-10-02 12:21:09,621:INFO:SVM - Linear Kernel Imported succesfully
2022-10-02 12:21:09,658:INFO:Starting cross validation
2022-10-02 12:21:09,662:INFO:Cross validating with StratifiedKFold(n_splits=10, random_state=None, shuffle=False), n_jobs=-1
2022-10-02 12:21:09,853:INFO:Calculating mean and std
2022-10-02 12:21:09,861:INFO:Creating metrics dataframe
2022-10-02 12:21:09,881:INFO:Uploading results into container
2022-10-02 12:21:09,886:INFO:Uploading model into container now
2022-10-02 12:21:09,891:INFO:create_model_container: 5
2022-10-02 12:21:09,894:INFO:master_model_container: 5
2022-10-02 12:21:09,901:INFO:display_container: 2
2022-10-02 12:21:09,903:INFO:SGDClassifier(alpha=0.0001, average=False, class_weight=None,
              early_stopping=False, epsilon=0.1, eta0=0.001, fit_intercept=True,
              l1_ratio=0.15, learning_rate='optimal', loss='hinge',
              max_iter=1000, n_iter_no_change=5, n_jobs=-1, penalty='l2',
              power_t=0.5, random_state=786, shuffle=True, tol=0.001,
              validation_fraction=0.1, verbose=0, warm_start=False)
2022-10-02 12:21:09,904:INFO:create_model() succesfully completed......................................
2022-10-02 12:21:10,050:INFO:SubProcess create_model() end ==================================
2022-10-02 12:21:10,053:INFO:Creating metrics dataframe
2022-10-02 12:21:10,076:INFO:Initializing Ridge Classifier
2022-10-02 12:21:10,080:INFO:Total runtime is 0.12562685807545979 minutes
2022-10-02 12:21:10,100:INFO:SubProcess create_model() called ==================================
2022-10-02 12:21:10,104:INFO:Initializing create_model()
2022-10-02 12:21:10,107:INFO:create_model(estimator=ridge, fold=StratifiedKFold(n_splits=10, random_state=None, shuffle=False), round=4, cross_validation=True, predict=True, fit_kwargs={}, groups=None, refit=False, verbose=False, system=False, metrics=None, experiment_custom_tags=None, add_to_model_list=True, probability_threshold=None, display=<pycaret.internal.Display.Display object at 0x7fdce6408b50>, return_train_score=False, kwargs={})
2022-10-02 12:21:10,109:INFO:Checking exceptions
2022-10-02 12:21:10,110:INFO:Importing libraries
2022-10-02 12:21:10,112:INFO:Copying training dataset
2022-10-02 12:21:10,114:INFO:Defining folds
2022-10-02 12:21:10,116:INFO:Declaring metric variables
2022-10-02 12:21:10,140:INFO:Importing untrained model
2022-10-02 12:21:10,167:INFO:Ridge Classifier Imported succesfully
2022-10-02 12:21:10,202:INFO:Starting cross validation
2022-10-02 12:21:10,207:INFO:Cross validating with StratifiedKFold(n_splits=10, random_state=None, shuffle=False), n_jobs=-1
2022-10-02 12:21:10,366:INFO:Calculating mean and std
2022-10-02 12:21:10,370:INFO:Creating metrics dataframe
2022-10-02 12:21:10,386:INFO:Uploading results into container
2022-10-02 12:21:10,390:INFO:Uploading model into container now
2022-10-02 12:21:10,394:INFO:create_model_container: 6
2022-10-02 12:21:10,395:INFO:master_model_container: 6
2022-10-02 12:21:10,397:INFO:display_container: 2
2022-10-02 12:21:10,400:INFO:RidgeClassifier(alpha=1.0, class_weight=None, copy_X=True, fit_intercept=True,
                max_iter=None, normalize=False, random_state=786, solver='auto',
                tol=0.001)
2022-10-02 12:21:10,401:INFO:create_model() succesfully completed......................................
2022-10-02 12:21:10,539:INFO:SubProcess create_model() end ==================================
2022-10-02 12:21:10,547:INFO:Creating metrics dataframe
2022-10-02 12:21:10,574:INFO:Initializing Random Forest Classifier
2022-10-02 12:21:10,580:INFO:Total runtime is 0.13396156231562295 minutes
2022-10-02 12:21:10,605:INFO:SubProcess create_model() called ==================================
2022-10-02 12:21:10,610:INFO:Initializing create_model()
2022-10-02 12:21:10,613:INFO:create_model(estimator=rf, fold=StratifiedKFold(n_splits=10, random_state=None, shuffle=False), round=4, cross_validation=True, predict=True, fit_kwargs={}, groups=None, refit=False, verbose=False, system=False, metrics=None, experiment_custom_tags=None, add_to_model_list=True, probability_threshold=None, display=<pycaret.internal.Display.Display object at 0x7fdce6408b50>, return_train_score=False, kwargs={})
2022-10-02 12:21:10,617:INFO:Checking exceptions
2022-10-02 12:21:10,620:INFO:Importing libraries
2022-10-02 12:21:10,621:INFO:Copying training dataset
2022-10-02 12:21:10,625:INFO:Defining folds
2022-10-02 12:21:10,628:INFO:Declaring metric variables
2022-10-02 12:21:10,658:INFO:Importing untrained model
2022-10-02 12:21:10,677:INFO:Random Forest Classifier Imported succesfully
2022-10-02 12:21:10,718:INFO:Starting cross validation
2022-10-02 12:21:10,722:INFO:Cross validating with StratifiedKFold(n_splits=10, random_state=None, shuffle=False), n_jobs=-1
2022-10-02 12:21:17,473:INFO:Calculating mean and std
2022-10-02 12:21:17,478:INFO:Creating metrics dataframe
2022-10-02 12:21:17,492:INFO:Uploading results into container
2022-10-02 12:21:17,493:INFO:Uploading model into container now
2022-10-02 12:21:17,495:INFO:create_model_container: 7
2022-10-02 12:21:17,500:INFO:master_model_container: 7
2022-10-02 12:21:17,501:INFO:display_container: 2
2022-10-02 12:21:17,503:INFO:RandomForestClassifier(bootstrap=True, ccp_alpha=0.0, class_weight=None,
                       criterion='gini', max_depth=None, max_features='auto',
                       max_leaf_nodes=None, max_samples=None,
                       min_impurity_decrease=0.0, min_impurity_split=None,
                       min_samples_leaf=1, min_samples_split=2,
                       min_weight_fraction_leaf=0.0, n_estimators=100,
                       n_jobs=-1, oob_score=False, random_state=786, verbose=0,
                       warm_start=False)
2022-10-02 12:21:17,505:INFO:create_model() succesfully completed......................................
2022-10-02 12:21:17,644:INFO:SubProcess create_model() end ==================================
2022-10-02 12:21:17,646:INFO:Creating metrics dataframe
2022-10-02 12:21:17,678:INFO:Initializing Quadratic Discriminant Analysis
2022-10-02 12:21:17,680:INFO:Total runtime is 0.25228771766026814 minutes
2022-10-02 12:21:17,707:INFO:SubProcess create_model() called ==================================
2022-10-02 12:21:17,711:INFO:Initializing create_model()
2022-10-02 12:21:17,716:INFO:create_model(estimator=qda, fold=StratifiedKFold(n_splits=10, random_state=None, shuffle=False), round=4, cross_validation=True, predict=True, fit_kwargs={}, groups=None, refit=False, verbose=False, system=False, metrics=None, experiment_custom_tags=None, add_to_model_list=True, probability_threshold=None, display=<pycaret.internal.Display.Display object at 0x7fdce6408b50>, return_train_score=False, kwargs={})
2022-10-02 12:21:17,717:INFO:Checking exceptions
2022-10-02 12:21:17,718:INFO:Importing libraries
2022-10-02 12:21:17,723:INFO:Copying training dataset
2022-10-02 12:21:17,726:INFO:Defining folds
2022-10-02 12:21:17,728:INFO:Declaring metric variables
2022-10-02 12:21:17,757:INFO:Importing untrained model
2022-10-02 12:21:17,780:INFO:Quadratic Discriminant Analysis Imported succesfully
2022-10-02 12:21:17,819:INFO:Starting cross validation
2022-10-02 12:21:17,823:INFO:Cross validating with StratifiedKFold(n_splits=10, random_state=None, shuffle=False), n_jobs=-1
2022-10-02 12:21:17,970:INFO:Calculating mean and std
2022-10-02 12:21:17,976:INFO:Creating metrics dataframe
2022-10-02 12:21:17,989:INFO:Uploading results into container
2022-10-02 12:21:17,998:INFO:Uploading model into container now
2022-10-02 12:21:18,000:INFO:create_model_container: 8
2022-10-02 12:21:18,001:INFO:master_model_container: 8
2022-10-02 12:21:18,004:INFO:display_container: 2
2022-10-02 12:21:18,007:INFO:QuadraticDiscriminantAnalysis(priors=None, reg_param=0.0,
                              store_covariance=False, tol=0.0001)
2022-10-02 12:21:18,008:INFO:create_model() succesfully completed......................................
2022-10-02 12:21:18,155:INFO:SubProcess create_model() end ==================================
2022-10-02 12:21:18,157:INFO:Creating metrics dataframe
2022-10-02 12:21:18,187:INFO:Initializing Ada Boost Classifier
2022-10-02 12:21:18,195:INFO:Total runtime is 0.2608806530634562 minutes
2022-10-02 12:21:18,219:INFO:SubProcess create_model() called ==================================
2022-10-02 12:21:18,222:INFO:Initializing create_model()
2022-10-02 12:21:18,224:INFO:create_model(estimator=ada, fold=StratifiedKFold(n_splits=10, random_state=None, shuffle=False), round=4, cross_validation=True, predict=True, fit_kwargs={}, groups=None, refit=False, verbose=False, system=False, metrics=None, experiment_custom_tags=None, add_to_model_list=True, probability_threshold=None, display=<pycaret.internal.Display.Display object at 0x7fdce6408b50>, return_train_score=False, kwargs={})
2022-10-02 12:21:18,230:INFO:Checking exceptions
2022-10-02 12:21:18,232:INFO:Importing libraries
2022-10-02 12:21:18,235:INFO:Copying training dataset
2022-10-02 12:21:18,240:INFO:Defining folds
2022-10-02 12:21:18,242:INFO:Declaring metric variables
2022-10-02 12:21:18,268:INFO:Importing untrained model
2022-10-02 12:21:18,293:INFO:Ada Boost Classifier Imported succesfully
2022-10-02 12:21:18,330:INFO:Starting cross validation
2022-10-02 12:21:18,334:INFO:Cross validating with StratifiedKFold(n_splits=10, random_state=None, shuffle=False), n_jobs=-1
2022-10-02 12:21:19,811:INFO:Calculating mean and std
2022-10-02 12:21:19,815:INFO:Creating metrics dataframe
2022-10-02 12:21:19,832:INFO:Uploading results into container
2022-10-02 12:21:19,835:INFO:Uploading model into container now
2022-10-02 12:21:19,838:INFO:create_model_container: 9
2022-10-02 12:21:19,840:INFO:master_model_container: 9
2022-10-02 12:21:19,843:INFO:display_container: 2
2022-10-02 12:21:19,845:INFO:AdaBoostClassifier(algorithm='SAMME.R', base_estimator=None, learning_rate=1.0,
                   n_estimators=50, random_state=786)
2022-10-02 12:21:19,847:INFO:create_model() succesfully completed......................................
2022-10-02 12:21:19,986:INFO:SubProcess create_model() end ==================================
2022-10-02 12:21:19,995:INFO:Creating metrics dataframe
2022-10-02 12:21:20,022:INFO:Initializing Gradient Boosting Classifier
2022-10-02 12:21:20,027:INFO:Total runtime is 0.2914172331492106 minutes
2022-10-02 12:21:20,054:INFO:SubProcess create_model() called ==================================
2022-10-02 12:21:20,057:INFO:Initializing create_model()
2022-10-02 12:21:20,059:INFO:create_model(estimator=gbc, fold=StratifiedKFold(n_splits=10, random_state=None, shuffle=False), round=4, cross_validation=True, predict=True, fit_kwargs={}, groups=None, refit=False, verbose=False, system=False, metrics=None, experiment_custom_tags=None, add_to_model_list=True, probability_threshold=None, display=<pycaret.internal.Display.Display object at 0x7fdce6408b50>, return_train_score=False, kwargs={})
2022-10-02 12:21:20,060:INFO:Checking exceptions
2022-10-02 12:21:20,062:INFO:Importing libraries
2022-10-02 12:21:20,064:INFO:Copying training dataset
2022-10-02 12:21:20,067:INFO:Defining folds
2022-10-02 12:21:20,068:INFO:Declaring metric variables
2022-10-02 12:21:20,094:INFO:Importing untrained model
2022-10-02 12:21:20,122:INFO:Gradient Boosting Classifier Imported succesfully
2022-10-02 12:21:20,158:INFO:Starting cross validation
2022-10-02 12:21:20,162:INFO:Cross validating with StratifiedKFold(n_splits=10, random_state=None, shuffle=False), n_jobs=-1
2022-10-02 12:21:23,512:INFO:Calculating mean and std
2022-10-02 12:21:23,519:INFO:Creating metrics dataframe
2022-10-02 12:21:23,544:INFO:Uploading results into container
2022-10-02 12:21:23,547:INFO:Uploading model into container now
2022-10-02 12:21:23,549:INFO:create_model_container: 10
2022-10-02 12:21:23,553:INFO:master_model_container: 10
2022-10-02 12:21:23,556:INFO:display_container: 2
2022-10-02 12:21:23,560:INFO:GradientBoostingClassifier(ccp_alpha=0.0, criterion='friedman_mse', init=None,
                           learning_rate=0.1, loss='deviance', max_depth=3,
                           max_features=None, max_leaf_nodes=None,
                           min_impurity_decrease=0.0, min_impurity_split=None,
                           min_samples_leaf=1, min_samples_split=2,
                           min_weight_fraction_leaf=0.0, n_estimators=100,
                           n_iter_no_change=None, presort='deprecated',
                           random_state=786, subsample=1.0, tol=0.0001,
                           validation_fraction=0.1, verbose=0,
                           warm_start=False)
2022-10-02 12:21:23,562:INFO:create_model() succesfully completed......................................
2022-10-02 12:21:23,718:INFO:SubProcess create_model() end ==================================
2022-10-02 12:21:23,731:INFO:Creating metrics dataframe
2022-10-02 12:21:23,761:INFO:Initializing Linear Discriminant Analysis
2022-10-02 12:21:23,769:INFO:Total runtime is 0.35378113587697346 minutes
2022-10-02 12:21:23,793:INFO:SubProcess create_model() called ==================================
2022-10-02 12:21:23,798:INFO:Initializing create_model()
2022-10-02 12:21:23,803:INFO:create_model(estimator=lda, fold=StratifiedKFold(n_splits=10, random_state=None, shuffle=False), round=4, cross_validation=True, predict=True, fit_kwargs={}, groups=None, refit=False, verbose=False, system=False, metrics=None, experiment_custom_tags=None, add_to_model_list=True, probability_threshold=None, display=<pycaret.internal.Display.Display object at 0x7fdce6408b50>, return_train_score=False, kwargs={})
2022-10-02 12:21:23,805:INFO:Checking exceptions
2022-10-02 12:21:23,810:INFO:Importing libraries
2022-10-02 12:21:23,818:INFO:Copying training dataset
2022-10-02 12:21:23,820:INFO:Defining folds
2022-10-02 12:21:23,823:INFO:Declaring metric variables
2022-10-02 12:21:23,847:INFO:Importing untrained model
2022-10-02 12:21:23,868:INFO:Linear Discriminant Analysis Imported succesfully
2022-10-02 12:21:23,908:INFO:Starting cross validation
2022-10-02 12:21:23,911:INFO:Cross validating with StratifiedKFold(n_splits=10, random_state=None, shuffle=False), n_jobs=-1
2022-10-02 12:21:24,067:INFO:Calculating mean and std
2022-10-02 12:21:24,072:INFO:Creating metrics dataframe
2022-10-02 12:21:24,086:INFO:Uploading results into container
2022-10-02 12:21:24,089:INFO:Uploading model into container now
2022-10-02 12:21:24,093:INFO:create_model_container: 11
2022-10-02 12:21:24,095:INFO:master_model_container: 11
2022-10-02 12:21:24,096:INFO:display_container: 2
2022-10-02 12:21:24,098:INFO:LinearDiscriminantAnalysis(n_components=None, priors=None, shrinkage=None,
                           solver='svd', store_covariance=False, tol=0.0001)
2022-10-02 12:21:24,100:INFO:create_model() succesfully completed......................................
2022-10-02 12:21:24,237:INFO:SubProcess create_model() end ==================================
2022-10-02 12:21:24,246:INFO:Creating metrics dataframe
2022-10-02 12:21:24,278:INFO:Initializing Extra Trees Classifier
2022-10-02 12:21:24,281:INFO:Total runtime is 0.36230599880218506 minutes
2022-10-02 12:21:24,309:INFO:SubProcess create_model() called ==================================
2022-10-02 12:21:24,314:INFO:Initializing create_model()
2022-10-02 12:21:24,322:INFO:create_model(estimator=et, fold=StratifiedKFold(n_splits=10, random_state=None, shuffle=False), round=4, cross_validation=True, predict=True, fit_kwargs={}, groups=None, refit=False, verbose=False, system=False, metrics=None, experiment_custom_tags=None, add_to_model_list=True, probability_threshold=None, display=<pycaret.internal.Display.Display object at 0x7fdce6408b50>, return_train_score=False, kwargs={})
2022-10-02 12:21:24,324:INFO:Checking exceptions
2022-10-02 12:21:24,327:INFO:Importing libraries
2022-10-02 12:21:24,328:INFO:Copying training dataset
2022-10-02 12:21:24,332:INFO:Defining folds
2022-10-02 12:21:24,334:INFO:Declaring metric variables
2022-10-02 12:21:24,359:INFO:Importing untrained model
2022-10-02 12:21:24,389:INFO:Extra Trees Classifier Imported succesfully
2022-10-02 12:21:24,429:INFO:Starting cross validation
2022-10-02 12:21:24,433:INFO:Cross validating with StratifiedKFold(n_splits=10, random_state=None, shuffle=False), n_jobs=-1
2022-10-02 12:21:30,530:INFO:Calculating mean and std
2022-10-02 12:21:30,534:INFO:Creating metrics dataframe
2022-10-02 12:21:30,552:INFO:Uploading results into container
2022-10-02 12:21:30,555:INFO:Uploading model into container now
2022-10-02 12:21:30,558:INFO:create_model_container: 12
2022-10-02 12:21:30,560:INFO:master_model_container: 12
2022-10-02 12:21:30,562:INFO:display_container: 2
2022-10-02 12:21:30,565:INFO:ExtraTreesClassifier(bootstrap=False, ccp_alpha=0.0, class_weight=None,
                     criterion='gini', max_depth=None, max_features='auto',
                     max_leaf_nodes=None, max_samples=None,
                     min_impurity_decrease=0.0, min_impurity_split=None,
                     min_samples_leaf=1, min_samples_split=2,
                     min_weight_fraction_leaf=0.0, n_estimators=100, n_jobs=-1,
                     oob_score=False, random_state=786, verbose=0,
                     warm_start=False)
2022-10-02 12:21:30,575:INFO:create_model() succesfully completed......................................
2022-10-02 12:21:30,719:INFO:SubProcess create_model() end ==================================
2022-10-02 12:21:30,722:INFO:Creating metrics dataframe
2022-10-02 12:21:30,762:INFO:Initializing Light Gradient Boosting Machine
2022-10-02 12:21:30,766:INFO:Total runtime is 0.47040346066157024 minutes
2022-10-02 12:21:30,788:INFO:SubProcess create_model() called ==================================
2022-10-02 12:21:30,792:INFO:Initializing create_model()
2022-10-02 12:21:30,795:INFO:create_model(estimator=lightgbm, fold=StratifiedKFold(n_splits=10, random_state=None, shuffle=False), round=4, cross_validation=True, predict=True, fit_kwargs={}, groups=None, refit=False, verbose=False, system=False, metrics=None, experiment_custom_tags=None, add_to_model_list=True, probability_threshold=None, display=<pycaret.internal.Display.Display object at 0x7fdce6408b50>, return_train_score=False, kwargs={})
2022-10-02 12:21:30,797:INFO:Checking exceptions
2022-10-02 12:21:30,799:INFO:Importing libraries
2022-10-02 12:21:30,800:INFO:Copying training dataset
2022-10-02 12:21:30,803:INFO:Defining folds
2022-10-02 12:21:30,805:INFO:Declaring metric variables
2022-10-02 12:21:30,829:INFO:Importing untrained model
2022-10-02 12:21:30,852:INFO:Light Gradient Boosting Machine Imported succesfully
2022-10-02 12:21:30,890:INFO:Starting cross validation
2022-10-02 12:21:30,894:INFO:Cross validating with StratifiedKFold(n_splits=10, random_state=None, shuffle=False), n_jobs=-1
2022-10-02 12:21:32,710:INFO:Calculating mean and std
2022-10-02 12:21:32,714:INFO:Creating metrics dataframe
2022-10-02 12:21:32,730:INFO:Uploading results into container
2022-10-02 12:21:32,733:INFO:Uploading model into container now
2022-10-02 12:21:32,736:INFO:create_model_container: 13
2022-10-02 12:21:32,739:INFO:master_model_container: 13
2022-10-02 12:21:32,742:INFO:display_container: 2
2022-10-02 12:21:32,745:INFO:LGBMClassifier(boosting_type='gbdt', class_weight=None, colsample_bytree=1.0,
               importance_type='split', learning_rate=0.1, max_depth=-1,
               min_child_samples=20, min_child_weight=0.001, min_split_gain=0.0,
               n_estimators=100, n_jobs=-1, num_leaves=31, objective=None,
               random_state=786, reg_alpha=0.0, reg_lambda=0.0, silent='warn',
               subsample=1.0, subsample_for_bin=200000, subsample_freq=0)
2022-10-02 12:21:32,746:INFO:create_model() succesfully completed......................................
2022-10-02 12:21:32,890:INFO:SubProcess create_model() end ==================================
2022-10-02 12:21:32,900:INFO:Creating metrics dataframe
2022-10-02 12:21:32,930:INFO:Initializing Dummy Classifier
2022-10-02 12:21:32,932:INFO:Total runtime is 0.5064990202585856 minutes
2022-10-02 12:21:32,960:INFO:SubProcess create_model() called ==================================
2022-10-02 12:21:32,964:INFO:Initializing create_model()
2022-10-02 12:21:32,966:INFO:create_model(estimator=dummy, fold=StratifiedKFold(n_splits=10, random_state=None, shuffle=False), round=4, cross_validation=True, predict=True, fit_kwargs={}, groups=None, refit=False, verbose=False, system=False, metrics=None, experiment_custom_tags=None, add_to_model_list=True, probability_threshold=None, display=<pycaret.internal.Display.Display object at 0x7fdce6408b50>, return_train_score=False, kwargs={})
2022-10-02 12:21:32,967:INFO:Checking exceptions
2022-10-02 12:21:32,969:INFO:Importing libraries
2022-10-02 12:21:32,971:INFO:Copying training dataset
2022-10-02 12:21:32,974:INFO:Defining folds
2022-10-02 12:21:32,976:INFO:Declaring metric variables
2022-10-02 12:21:33,002:INFO:Importing untrained model
2022-10-02 12:21:33,028:INFO:Dummy Classifier Imported succesfully
2022-10-02 12:21:33,069:INFO:Starting cross validation
2022-10-02 12:21:33,073:INFO:Cross validating with StratifiedKFold(n_splits=10, random_state=None, shuffle=False), n_jobs=-1
2022-10-02 12:21:33,186:INFO:Calculating mean and std
2022-10-02 12:21:33,192:INFO:Creating metrics dataframe
2022-10-02 12:21:33,212:INFO:Uploading results into container
2022-10-02 12:21:33,216:INFO:Uploading model into container now
2022-10-02 12:21:33,222:INFO:create_model_container: 14
2022-10-02 12:21:33,224:INFO:master_model_container: 14
2022-10-02 12:21:33,226:INFO:display_container: 2
2022-10-02 12:21:33,227:INFO:DummyClassifier(constant=None, random_state=786, strategy='prior')
2022-10-02 12:21:33,230:INFO:create_model() succesfully completed......................................
2022-10-02 12:21:33,367:INFO:SubProcess create_model() end ==================================
2022-10-02 12:21:33,375:INFO:Creating metrics dataframe
2022-10-02 12:21:33,450:INFO:Initializing create_model()
2022-10-02 12:21:33,456:INFO:create_model(estimator=RandomForestClassifier(bootstrap=True, ccp_alpha=0.0, class_weight=None,
                       criterion='gini', max_depth=None, max_features='auto',
                       max_leaf_nodes=None, max_samples=None,
                       min_impurity_decrease=0.0, min_impurity_split=None,
                       min_samples_leaf=1, min_samples_split=2,
                       min_weight_fraction_leaf=0.0, n_estimators=100,
                       n_jobs=-1, oob_score=False, random_state=786, verbose=0,
                       warm_start=False), fold=StratifiedKFold(n_splits=10, random_state=None, shuffle=False), round=4, cross_validation=False, predict=False, fit_kwargs={}, groups=None, refit=True, verbose=False, system=False, metrics=None, experiment_custom_tags=None, add_to_model_list=True, probability_threshold=None, display=None, return_train_score=False, kwargs={})
2022-10-02 12:21:33,458:INFO:Checking exceptions
2022-10-02 12:21:33,459:INFO:Importing libraries
2022-10-02 12:21:33,461:INFO:Copying training dataset
2022-10-02 12:21:33,463:INFO:Defining folds
2022-10-02 12:21:33,465:INFO:Declaring metric variables
2022-10-02 12:21:33,466:INFO:Importing untrained model
2022-10-02 12:21:33,469:INFO:Declaring custom model
2022-10-02 12:21:33,472:INFO:Random Forest Classifier Imported succesfully
2022-10-02 12:21:33,475:INFO:Cross validation set to False
2022-10-02 12:21:33,476:INFO:Fitting Model
2022-10-02 12:21:34,376:INFO:RandomForestClassifier(bootstrap=True, ccp_alpha=0.0, class_weight=None,
                       criterion='gini', max_depth=None, max_features='auto',
                       max_leaf_nodes=None, max_samples=None,
                       min_impurity_decrease=0.0, min_impurity_split=None,
                       min_samples_leaf=1, min_samples_split=2,
                       min_weight_fraction_leaf=0.0, n_estimators=100,
                       n_jobs=-1, oob_score=False, random_state=786, verbose=0,
                       warm_start=False)
2022-10-02 12:21:34,378:INFO:create_models() succesfully completed......................................
2022-10-02 12:21:34,577:INFO:create_model_container: 14
2022-10-02 12:21:34,583:INFO:master_model_container: 14
2022-10-02 12:21:34,586:INFO:display_container: 2
2022-10-02 12:21:34,591:INFO:RandomForestClassifier(bootstrap=True, ccp_alpha=0.0, class_weight=None,
                       criterion='gini', max_depth=None, max_features='auto',
                       max_leaf_nodes=None, max_samples=None,
                       min_impurity_decrease=0.0, min_impurity_split=None,
                       min_samples_leaf=1, min_samples_split=2,
                       min_weight_fraction_leaf=0.0, n_estimators=100,
                       n_jobs=-1, oob_score=False, random_state=786, verbose=0,
                       warm_start=False)
2022-10-02 12:21:34,594:INFO:compare_models() succesfully completed......................................
2022-10-02 12:21:52,665:INFO:Initializing create_model()
2022-10-02 12:21:52,669:INFO:create_model(estimator=rf, fold=None, round=4, cross_validation=True, predict=True, fit_kwargs=None, groups=None, refit=True, verbose=True, system=True, metrics=None, experiment_custom_tags=None, add_to_model_list=True, probability_threshold=None, display=None, return_train_score=False, kwargs={})
2022-10-02 12:21:52,673:INFO:Checking exceptions
2022-10-02 12:21:52,674:INFO:Preparing display monitor
2022-10-02 12:21:52,718:INFO:Importing libraries
2022-10-02 12:21:52,721:INFO:Copying training dataset
2022-10-02 12:21:52,726:INFO:Defining folds
2022-10-02 12:21:52,734:INFO:Declaring metric variables
2022-10-02 12:21:52,750:INFO:Importing untrained model
2022-10-02 12:21:52,773:INFO:Random Forest Classifier Imported succesfully
2022-10-02 12:21:52,809:INFO:Starting cross validation
2022-10-02 12:21:52,814:INFO:Cross validating with StratifiedKFold(n_splits=10, random_state=None, shuffle=False), n_jobs=-1
2022-10-02 12:21:59,511:INFO:Calculating mean and std
2022-10-02 12:21:59,514:INFO:Creating metrics dataframe
2022-10-02 12:21:59,542:INFO:Finalizing model
2022-10-02 12:22:00,409:INFO:Uploading results into container
2022-10-02 12:22:00,413:INFO:Uploading model into container now
2022-10-02 12:22:00,438:INFO:create_model_container: 15
2022-10-02 12:22:00,440:INFO:master_model_container: 15
2022-10-02 12:22:00,446:INFO:display_container: 3
2022-10-02 12:22:00,449:INFO:RandomForestClassifier(bootstrap=True, ccp_alpha=0.0, class_weight=None,
                       criterion='gini', max_depth=None, max_features='auto',
                       max_leaf_nodes=None, max_samples=None,
                       min_impurity_decrease=0.0, min_impurity_split=None,
                       min_samples_leaf=1, min_samples_split=2,
                       min_weight_fraction_leaf=0.0, n_estimators=100,
                       n_jobs=-1, oob_score=False, random_state=786, verbose=0,
                       warm_start=False)
2022-10-02 12:22:00,450:INFO:create_model() succesfully completed......................................
2022-10-02 12:22:00,589:INFO:Initializing predict_model()
2022-10-02 12:22:00,591:INFO:predict_model(estimator=RandomForestClassifier(bootstrap=True, ccp_alpha=0.0, class_weight=None,
                       criterion='gini', max_depth=None, max_features='auto',
                       max_leaf_nodes=None, max_samples=None,
                       min_impurity_decrease=0.0, min_impurity_split=None,
                       min_samples_leaf=1, min_samples_split=2,
                       min_weight_fraction_leaf=0.0, n_estimators=100,
                       n_jobs=-1, oob_score=False, random_state=786, verbose=0,
                       warm_start=False), probability_threshold=None, encoded_labels=False, drift_report=False, raw_score=False, round=4, verbose=True, ml_usecase=MLUsecase.CLASSIFICATION, display=None, drift_kwargs=None)
2022-10-02 12:22:00,593:INFO:Checking exceptions
2022-10-02 12:22:00,602:INFO:Preloading libraries
2022-10-02 12:22:00,604:INFO:Preparing display monitor
